<?xml version="1.0" encoding="UTF-8" standalone="no"?>
<testsuite failures="0" name="cucumber.runtime.formatter.JUnitFormatter" skipped="1" tests="1" time="18.039826">
<testcase classname="Sywm" name="Demo Swym Products page" time="18.039826">
<skipped><![CDATA[Given user is already on products page......................................passed
When product page is displayed..............................................passed
Then verify size option is clickable........................................passed
Then verify color dropdown is clickable.....................................passed
Then verify add to wishlist button is enabled and add the product to the wishlist.passed
Then user should be navigated to the wishlist page..........................passed
Then user should be able to see the product in the wishlist.................passed
Then click on the email button..............................................passed
Then click on connect button and enter email address........................passed
Then user should be see email sent response message.........................pending
]]></skipped>
</testcase>
</testsuite>
